<?xml version="1.0" encoding="utf-8"?><testsuites name="pytest tests"><testsuite name="pytest" errors="0" failures="0" skipped="0" tests="17" time="5.773" timestamp="2026-06-27T19:08:50.619923+00:00" hostname="agent-env-6a2679bf-6fad-423f-ae27-be6a96294905"><testcase classname="backend.tests.test_geolocation_iter7.TestPinPadGeolocation" name="test_first_pinpad_without_location_returns_200" time="1.581" /><testcase classname="backend.tests.test_geolocation_iter7.TestPinPadGeolocation" name="test_last_pinpad_without_location_returns_400" time="0.356" /><testcase classname="backend.tests.test_geolocation_iter7.TestPinPadGeolocation" name="test_last_pinpad_with_location_finalizes_orden" time="0.240" /><testcase classname="backend.tests.test_geolocation_iter7.TestReplacePhoto" name="test_replace_photo_within_window_returns_200" time="0.250" /><testcase classname="backend.tests.test_geolocation_iter7.TestReplacePhoto" name="test_replace_photo_after_window_expired_returns_403" time="0.284" /><testcase classname="backend.tests.test_geolocation_iter7.TestDeletePhoto" name="test_delete_when_pinpad_not_completed_returns_400" time="0.160" /><testcase classname="backend.tests.test_geolocation_iter7.TestDeletePhoto" name="test_delete_when_orden_finalized_returns_400" time="0.360" /><testcase classname="backend.tests.test_geolocation_iter7.TestDeletePhoto" name="test_delete_happy_path_resets_pinpad" time="0.212" /><testcase classname="backend.tests.test_geolocation_iter7.TestDeletePhoto" name="test_delete_after_window_expired_returns_403" time="0.225" /><testcase classname="backend.tests.test_geolocation_iter7.TestFinalizarLocation" name="test_finalizar_without_lat_lng_returns_422" time="0.114" /><testcase classname="backend.tests.test_geolocation_iter7.TestFinalizarLocation" name="test_finalizar_with_lat_lng_persists_closed_fields" time="0.106" /><testcase classname="backend.tests.test_geolocation_iter7.TestAuthMatrix" name="test_pinpad_update_requires_token" time="0.103" /><testcase classname="backend.tests.test_geolocation_iter7.TestAuthMatrix" name="test_pinpad_update_admin_token_403" time="0.112" /><testcase classname="backend.tests.test_geolocation_iter7.TestAuthMatrix" name="test_pinpad_update_foreign_tecnico_403" time="0.907" /><testcase classname="backend.tests.test_geolocation_iter7.TestAuthMatrix" name="test_replace_photo_admin_token_403" time="0.237" /><testcase classname="backend.tests.test_geolocation_iter7.TestAuthMatrix" name="test_delete_photo_no_token_401" time="0.099" /><testcase classname="backend.tests.test_geolocation_iter7.TestAuthMatrix" name="test_delete_photo_foreign_tecnico_403" time="0.314" /></testsuite></testsuites>