<?xml version="1.0" encoding="utf-8"?><testsuites name="pytest tests"><testsuite name="pytest" errors="0" failures="0" skipped="0" tests="6" time="9.412" timestamp="2026-06-27T17:43:12.120096+00:00" hostname="agent-env-6a2679bf-6fad-423f-ae27-be6a96294905"><testcase classname="backend.tests.test_mvg_iter3.TestAsignarRegression" name="test_patch_asignar_returns_orden_and_whatsapp" time="2.984" /><testcase classname="backend.tests.test_mvg_iter3.TestReenviarWhatsapp" name="test_reenviar_with_assigned_tecnico_returns_200" time="2.095" /><testcase classname="backend.tests.test_mvg_iter3.TestReenviarWhatsapp" name="test_reenviar_without_tecnico_returns_400" time="0.879" /><testcase classname="backend.tests.test_mvg_iter3.TestReenviarWhatsapp" name="test_reenviar_nonexistent_orden_returns_404" time="0.097" /><testcase classname="backend.tests.test_mvg_iter3.TestReenviarWhatsapp" name="test_reenviar_without_auth_returns_401_or_403" time="1.540" /><testcase classname="backend.tests.test_mvg_iter3.TestReenviarWhatsapp" name="test_reenviar_as_tecnico_returns_403" time="1.792" /></testsuite></testsuites>