<?xml version="1.0" encoding="utf-8"?><testsuites name="pytest tests"><testsuite name="pytest" errors="0" failures="0" skipped="0" tests="5" time="5.420" timestamp="2026-06-29T13:10:34.269894+00:00" hostname="agent-env-6a2679bf-6fad-423f-ae27-be6a96294905"><testcase classname="backend.tests.test_asignar_bulk_iter9.TestAsignarBulkHappyPath" name="test_bulk_asigna_3_ordenes_a_tecnico" time="3.769" /><testcase classname="backend.tests.test_asignar_bulk_iter9.TestAsignarBulkHappyPath" name="test_bulk_asigna_2_ordenes" time="1.184" /><testcase classname="backend.tests.test_asignar_bulk_iter9.TestAsignarBulkValidations" name="test_orden_ids_vacios_400" time="0.094" /><testcase classname="backend.tests.test_asignar_bulk_iter9.TestAsignarBulkValidations" name="test_tecnico_inexistente_404" time="0.175" /><testcase classname="backend.tests.test_asignar_bulk_iter9.TestAsignarBulkValidations" name="test_sin_auth_devuelve_401_o_403" time="0.104" /></testsuite></testsuites>