<?xml version="1.0" encoding="utf-8"?><testsuites name="pytest tests"><testsuite name="pytest" errors="0" failures="0" skipped="0" tests="13" time="3.276" timestamp="2026-06-27T18:36:22.409445+00:00" hostname="agent-env-6a2679bf-6fad-423f-ae27-be6a96294905"><testcase classname="backend.tests.test_suministros_iter5.TestBodegasSeedExpansion" name="test_all_20_seed_bodegas_present" time="0.629" /><testcase classname="backend.tests.test_suministros_iter5.TestBodegasSeedExpansion" name="test_each_seed_bodega_has_correct_region" time="0.135" /><testcase classname="backend.tests.test_suministros_iter5.TestBodegasSeedExpansion" name="test_bodega_count_at_least_20" time="0.108" /><testcase classname="backend.tests.test_suministros_iter5.TestBodegasIdempotent" name="test_no_duplicate_bodega_names" time="0.096" /><testcase classname="backend.tests.test_suministros_iter5.TestDynamicEmailSubject" name="test_solicitud_created_with_201" time="1.252" /><testcase classname="backend.tests.test_suministros_iter5.TestDynamicEmailSubject" name="test_email_result_mode_sent" time="0.000" /><testcase classname="backend.tests.test_suministros_iter5.TestDynamicEmailSubject" name="test_email_result_has_resend_uuid_id" time="0.000" /><testcase classname="backend.tests.test_suministros_iter5.TestDynamicEmailSubject" name="test_whatsapp_results_empty_when_no_phones" time="0.000" /><testcase classname="backend.tests.test_suministros_iter5.TestDynamicEmailSubject" name="test_enriched_with_tecnico_and_bodega" time="0.000" /><testcase classname="backend.tests.test_suministros_iter5.TestEmailBuilder" name="test_html_and_text_include_region" time="0.034" /><testcase classname="backend.tests.test_suministros_iter5.TestEmailBuilder" name="test_items_default_empty" time="0.000" /><testcase classname="backend.tests.test_suministros_iter5.TestReenviar" name="test_reenviar_returns_email_result_with_subject_path" time="0.665" /><testcase classname="backend.tests.test_suministros_iter5.TestConsumoFlowRegression" name="test_consumo_decrements_stock_for_concepcion_tecnico" time="0.317" /></testsuite></testsuites>