<?xml version="1.0" encoding="utf-8"?><testsuites name="pytest tests"><testsuite name="pytest" errors="0" failures="0" skipped="0" tests="28" time="6.564" timestamp="2026-06-27T18:21:32.570884+00:00" hostname="agent-env-6a2679bf-6fad-423f-ae27-be6a96294905"><testcase classname="backend.tests.test_suministros.TestProductos" name="test_admin_list_seed" time="0.442" /><testcase classname="backend.tests.test_suministros.TestProductos" name="test_admin_create_duplicate_and_delete" time="0.390" /><testcase classname="backend.tests.test_suministros.TestProductos" name="test_tecnico_can_see_catalog" time="0.835" /><testcase classname="backend.tests.test_suministros.TestBodegas" name="test_admin_list_seed_santiago" time="0.095" /><testcase classname="backend.tests.test_suministros.TestBodegas" name="test_create_bodega_valparaiso" time="0.188" /><testcase classname="backend.tests.test_suministros.TestBodegas" name="test_delete_bodega_with_tecnico_assigned_returns_400" time="0.093" /><testcase classname="backend.tests.test_suministros.TestConfig" name="test_get_config_defaults" time="0.095" /><testcase classname="backend.tests.test_suministros.TestConfig" name="test_patch_and_get_config" time="0.219" /><testcase classname="backend.tests.test_suministros.TestTecnicoBodegaField" name="test_tecnico_has_bodega_id" time="0.098" /><testcase classname="backend.tests.test_suministros.TestSolicitudes" name="test_create_returns_results_fields" time="1.131" /><testcase classname="backend.tests.test_suministros.TestSolicitudes" name="test_tecnico_lists_own_solicitud" time="0.095" /><testcase classname="backend.tests.test_suministros.TestSolicitudes" name="test_admin_lists_all_solicitudes" time="0.097" /><testcase classname="backend.tests.test_suministros.TestSolicitudes" name="test_admin_patch_estado_atendida" time="0.097" /><testcase classname="backend.tests.test_suministros.TestSolicitudes" name="test_admin_reenviar" time="0.845" /><testcase classname="backend.tests.test_suministros.TestSolicitudes" name="test_admin_cannot_create_solicitud_as_admin_role" time="0.096" /><testcase classname="backend.tests.test_suministros.TestInventario" name="test_admin_upsert_inventario" time="0.306" /><testcase classname="backend.tests.test_suministros.TestInventario" name="test_tecnico_views_own_inventory" time="0.101" /><testcase classname="backend.tests.test_suministros.TestConsumos" name="test_create_consumo_decrements_stock" time="0.305" /><testcase classname="backend.tests.test_suministros.TestAuth" name="test_admin_endpoints_no_token[/api/admin/productos]" time="0.129" /><testcase classname="backend.tests.test_suministros.TestAuth" name="test_admin_endpoints_no_token[/api/admin/bodegas]" time="0.096" /><testcase classname="backend.tests.test_suministros.TestAuth" name="test_admin_endpoints_no_token[/api/admin/suministros/config]" time="0.105" /><testcase classname="backend.tests.test_suministros.TestAuth" name="test_admin_endpoints_no_token[/api/admin/suministros/solicitudes]" time="0.098" /><testcase classname="backend.tests.test_suministros.TestAuth" name="test_admin_endpoints_no_token[/api/admin/inventario]" time="0.091" /><testcase classname="backend.tests.test_suministros.TestAuth" name="test_admin_endpoints_with_tecnico_token[/api/admin/productos]" time="0.097" /><testcase classname="backend.tests.test_suministros.TestAuth" name="test_admin_endpoints_with_tecnico_token[/api/admin/bodegas]" time="0.092" /><testcase classname="backend.tests.test_suministros.TestAuth" name="test_admin_endpoints_with_tecnico_token[/api/admin/suministros/config]" time="0.094" /><testcase classname="backend.tests.test_suministros.TestAuth" name="test_admin_endpoints_with_tecnico_token[/api/admin/suministros/solicitudes]" time="0.108" /><testcase classname="backend.tests.test_suministros.TestAuth" name="test_admin_endpoints_with_tecnico_token[/api/admin/inventario]" time="0.096" /></testsuite></testsuites>