<?xml version="1.0" encoding="utf-8"?><testsuites name="pytest tests"><testsuite name="pytest" errors="0" failures="0" skipped="0" tests="10" time="6.939" timestamp="2026-06-27T18:53:33.876734+00:00" hostname="agent-env-6a2679bf-6fad-423f-ae27-be6a96294905"><testcase classname="backend.tests.test_tecnicos_iter6.TestWelcomeEmail" name="test_create_tecnico_returns_welcome_email_field" time="1.226" /><testcase classname="backend.tests.test_tecnicos_iter6.TestWelcomeEmail" name="test_create_tecnico_with_bodega" time="0.806" /><testcase classname="backend.tests.test_tecnicos_iter6.TestSendPasswordWhatsApp" name="test_404_invalid_id" time="0.158" /><testcase classname="backend.tests.test_tecnicos_iter6.TestSendPasswordWhatsApp" name="test_422_short_password" time="0.802" /><testcase classname="backend.tests.test_tecnicos_iter6.TestSendPasswordWhatsApp" name="test_400_no_telefono" time="0.856" /><testcase classname="backend.tests.test_tecnicos_iter6.TestSendPasswordWhatsApp" name="test_success_updates_password_and_returns_whatsapp" time="1.622" /><testcase classname="backend.tests.test_tecnicos_iter6.TestAuthRequirements" name="test_create_tecnico_no_token_401" time="0.095" /><testcase classname="backend.tests.test_tecnicos_iter6.TestAuthRequirements" name="test_create_tecnico_tecnico_token_403" time="0.920" /><testcase classname="backend.tests.test_tecnicos_iter6.TestAuthRequirements" name="test_enviar_password_no_token_401" time="0.126" /><testcase classname="backend.tests.test_tecnicos_iter6.TestAuthRequirements" name="test_enviar_password_tecnico_token_403" time="0.294" /></testsuite></testsuites>