<?xml version="1.0" encoding="utf-8"?><testsuites name="pytest tests"><testsuite name="pytest" errors="0" failures="0" skipped="0" tests="12" time="6.922" timestamp="2026-06-27T16:33:37.799140+00:00" hostname="agent-env-6a2679bf-6fad-423f-ae27-be6a96294905"><testcase classname="backend.tests.test_mvg_iter2.TestExcelImport" name="test_01_reset" time="0.498" /><testcase classname="backend.tests.test_mvg_iter2.TestExcelImport" name="test_02_upload_excel_as_admin" time="0.890" /><testcase classname="backend.tests.test_mvg_iter2.TestExcelImport" name="test_03_upload_excel_as_tecnico_returns_403" time="0.806" /><testcase classname="backend.tests.test_mvg_iter2.TestExcelImport" name="test_04_list_comercios" time="0.563" /><testcase classname="backend.tests.test_mvg_iter2.TestExcelImport" name="test_05_list_ordenes_has_pin_pads" time="0.769" /><testcase classname="backend.tests.test_mvg_iter2.TestAsignarYWhatsapp" name="test_06_asignar_returns_wa_fallback_link" time="1.318" /><testcase classname="backend.tests.test_mvg_iter2.TestPinpadUpdate" name="test_07_tecnico_only_sees_assigned" time="0.100" /><testcase classname="backend.tests.test_mvg_iter2.TestPinpadUpdate" name="test_08_pinpad_update_without_evidencia_returns_400" time="0.105" /><testcase classname="backend.tests.test_mvg_iter2.TestPinpadUpdate" name="test_09_update_first_pinpad_sets_en_progreso" time="0.120" /><testcase classname="backend.tests.test_mvg_iter2.TestPinpadUpdate" name="test_10_complete_all_pinpads_sets_finalizada" time="0.745" /><testcase classname="backend.tests.test_mvg_iter2.TestPinpadUpdate" name="test_11_cross_access_other_tecnico_returns_403" time="0.819" /><testcase classname="backend.tests.test_mvg_iter2.TestPdfDownload" name="test_12_pdf_returns_binary_pdf" time="0.146" /></testsuite></testsuites>