<?xml version="1.0" encoding="utf-8"?><testsuites name="pytest tests"><testsuite name="pytest" errors="0" failures="0" skipped="0" tests="9" time="19.429" timestamp="2026-06-29T13:45:02.726542+00:00" hostname="agent-env-6a2679bf-6fad-423f-ae27-be6a96294905"><testcase classname="backend.tests.test_geocoding_iter10.TestAdminGeocodeEndpoint" name="test_geocode_valid_address_in_chile" time="0.680" /><testcase classname="backend.tests.test_geocoding_iter10.TestAdminGeocodeEndpoint" name="test_geocode_short_address_returns_400" time="0.104" /><testcase classname="backend.tests.test_geocoding_iter10.TestAdminGeocodeEndpoint" name="test_geocode_empty_address_rejected" time="0.096" /><testcase classname="backend.tests.test_geocoding_iter10.TestAdminGeocodeEndpoint" name="test_geocode_requires_auth" time="0.095" /><testcase classname="backend.tests.test_geocoding_iter10.TestTecnicoAutoGeocode" name="test_create_tecnico_auto_geocodes" time="1.468" /><testcase classname="backend.tests.test_geocoding_iter10.TestTecnicoAutoGeocode" name="test_patch_tecnico_address_regeocodes" time="1.203" /><testcase classname="backend.tests.test_geocoding_iter10.TestTecnicoRutaOptimizada" name="test_ruta_returns_expected_fields" time="5.825" /><testcase classname="backend.tests.test_geocoding_iter10.TestTecnicoRutaOptimizada" name="test_ruta_prioritizes_same_comuna_first" time="0.813" /><testcase classname="backend.tests.test_geocoding_iter10.TestGeocodeSucursalesBulk" name="test_regeocode_sucursales_limit5" time="9.101" /></testsuite></testsuites>