<?xml version="1.0" encoding="utf-8"?><testsuites name="pytest tests"><testsuite name="pytest" errors="0" failures="17" skipped="0" tests="119" time="171.631" timestamp="2026-06-29T12:30:56.093513+00:00" hostname="agent-env-6a2679bf-6fad-423f-ae27-be6a96294905"><testcase classname="backend.tests.test_features_iter8.TestTecnicoCreateGeoFields" name="test_create_tecnico_with_direccion_and_comuna" time="1.738" /><testcase classname="backend.tests.test_features_iter8.TestPinPadExtra" name="test_pinpad_extra_happy_path_alnum" time="1.429" /><testcase classname="backend.tests.test_features_iter8.TestPinPadExtra" name="test_pinpad_extra_rejects_wrong_length" time="0.101" /><testcase classname="backend.tests.test_features_iter8.TestPinPadExtra" name="test_pinpad_extra_rejects_duplicate" time="0.102" /><testcase classname="backend.tests.test_features_iter8.TestPinPadExtra" name="test_pinpad_extra_rejects_no_mat_no_flag" time="0.104" /><testcase classname="backend.tests.test_features_iter8.TestPinPadExtra" name="test_pinpad_extra_descuenta_stock_atomicamente" time="0.119" /><testcase classname="backend.tests.test_features_iter8.TestPinPadExtra" name="test_pinpad_extra_numeric_pattern_rejects_alpha" time="0.114" /><testcase classname="backend.tests.test_features_iter8.TestReagendar" name="test_reagendar_changes_estado_and_keeps_history" time="0.268" /><testcase classname="backend.tests.test_features_iter8.TestReagendar" name="test_reagendar_rejects_orden_finalizada" time="0.099" /><testcase classname="backend.tests.test_features_iter8.TestRutaTecnico" name="test_ruta_shape_and_nearest_neighbor" time="1.560" /><testcase classname="backend.tests.test_features_iter8.TestAsignacionMasiva" name="test_asignacion_masiva_distribuye_por_cercania" time="3.418" /><testcase classname="backend.tests.test_features_iter8.TestAsignacionMasiva" name="test_asignacion_masiva_respeta_max_por_tecnico" time="2.387" /><testcase classname="backend.tests.test_features_iter8.TestAdminStatsNewFields" name="test_stats_includes_new_fields" time="0.112" /><testcase classname="backend.tests.test_geolocation_iter7.TestPinPadGeolocation" name="test_first_pinpad_without_location_returns_200" time="0.103"><failure message="AssertionError: {&quot;detail&quot;:&quot;Selecciona los materiales utilizados o marca 'No se utilizaron suministros'.&quot;}&#10;assert 400 == 200&#10; +  where 400 = &lt;Response [400]&gt;.status_code">E   AssertionError: {"detail":"Selecciona los materiales utilizados o marca 'No se utilizaron suministros'."}
    assert 400 == 200
     +  where 400 = &lt;Response [400]&gt;.status_code</failure></testcase><testcase classname="backend.tests.test_geolocation_iter7.TestPinPadGeolocation" name="test_last_pinpad_without_location_returns_400" time="0.098"><failure message="assert 400 == 200&#10; +  where 400 = &lt;Response [400]&gt;.status_code">E   assert 400 == 200
     +  where 400 = &lt;Response [400]&gt;.status_code</failure></testcase><testcase classname="backend.tests.test_geolocation_iter7.TestPinPadGeolocation" name="test_last_pinpad_with_location_finalizes_orden" time="0.115"><failure message="assert 400 == 200&#10; +  where 400 = &lt;Response [400]&gt;.status_code">E   assert 400 == 200
     +  where 400 = &lt;Response [400]&gt;.status_code</failure></testcase><testcase classname="backend.tests.test_geolocation_iter7.TestReplacePhoto" name="test_replace_photo_within_window_returns_200" time="0.203"><failure message="AssertionError: {&quot;detail&quot;:&quot;Esta pin pad aún no tiene foto cargada&quot;}&#10;assert 400 == 200&#10; +  where 400 = &lt;Response [400]&gt;.status_code">E   AssertionError: {"detail":"Esta pin pad aún no tiene foto cargada"}
    assert 400 == 200
     +  where 400 = &lt;Response [400]&gt;.status_code</failure></testcase><testcase classname="backend.tests.test_geolocation_iter7.TestReplacePhoto" name="test_replace_photo_after_window_expired_returns_403" time="0.247"><failure message="AssertionError: {&quot;detail&quot;:&quot;Esta pin pad aún no tiene foto cargada&quot;}&#10;assert 400 == 403&#10; +  where 400 = &lt;Response [400]&gt;.status_code">E   AssertionError: {"detail":"Esta pin pad aún no tiene foto cargada"}
    assert 400 == 403
     +  where 400 = &lt;Response [400]&gt;.status_code</failure></testcase><testcase classname="backend.tests.test_geolocation_iter7.TestDeletePhoto" name="test_delete_when_pinpad_not_completed_returns_400" time="0.099" /><testcase classname="backend.tests.test_geolocation_iter7.TestDeletePhoto" name="test_delete_when_orden_finalized_returns_400" time="0.312"><failure message="AssertionError: assert 'finaliz' in 'esta pin pad aún no tiene foto cargada'&#10; +  where 'esta pin pad aún no tiene foto cargada' = &lt;built-in method lower of str object at 0xfba211a532f0&gt;()&#10; +    where &lt;built-in method lower of str object at 0xfba211a532f0&gt; = 'Esta pin pad aún no tiene foto cargada'.lower">E   AssertionError: assert 'finaliz' in 'esta pin pad aún no tiene foto cargada'
     +  where 'esta pin pad aún no tiene foto cargada' = &lt;built-in method lower of str object at 0xfba211a532f0&gt;()
     +    where &lt;built-in method lower of str object at 0xfba211a532f0&gt; = 'Esta pin pad aún no tiene foto cargada'.lower</failure></testcase><testcase classname="backend.tests.test_geolocation_iter7.TestDeletePhoto" name="test_delete_happy_path_resets_pinpad" time="0.214"><failure message="AssertionError: {&quot;detail&quot;:&quot;Esta pin pad aún no tiene foto cargada&quot;}&#10;assert 400 == 200&#10; +  where 400 = &lt;Response [400]&gt;.status_code">E   AssertionError: {"detail":"Esta pin pad aún no tiene foto cargada"}
    assert 400 == 200
     +  where 400 = &lt;Response [400]&gt;.status_code</failure></testcase><testcase classname="backend.tests.test_geolocation_iter7.TestDeletePhoto" name="test_delete_after_window_expired_returns_403" time="0.208"><failure message="AssertionError: {&quot;detail&quot;:&quot;Esta pin pad aún no tiene foto cargada&quot;}&#10;assert 400 == 403&#10; +  where 400 = &lt;Response [400]&gt;.status_code">E   AssertionError: {"detail":"Esta pin pad aún no tiene foto cargada"}
    assert 400 == 403
     +  where 400 = &lt;Response [400]&gt;.status_code</failure></testcase><testcase classname="backend.tests.test_geolocation_iter7.TestFinalizarLocation" name="test_finalizar_without_lat_lng_returns_422" time="0.106"><failure message="AssertionError: {&quot;detail&quot;:&quot;Not Found&quot;}&#10;assert 404 == 422&#10; +  where 404 = &lt;Response [404]&gt;.status_code">E   AssertionError: {"detail":"Not Found"}
    assert 404 == 422
     +  where 404 = &lt;Response [404]&gt;.status_code</failure></testcase><testcase classname="backend.tests.test_geolocation_iter7.TestFinalizarLocation" name="test_finalizar_with_lat_lng_persists_closed_fields" time="0.105"><failure message="AssertionError: {&quot;detail&quot;:&quot;Not Found&quot;}&#10;assert 404 == 200&#10; +  where 404 = &lt;Response [404]&gt;.status_code">E   AssertionError: {"detail":"Not Found"}
    assert 404 == 200
     +  where 404 = &lt;Response [404]&gt;.status_code</failure></testcase><testcase classname="backend.tests.test_geolocation_iter7.TestAuthMatrix" name="test_pinpad_update_requires_token" time="0.099" /><testcase classname="backend.tests.test_geolocation_iter7.TestAuthMatrix" name="test_pinpad_update_admin_token_403" time="0.128" /><testcase classname="backend.tests.test_geolocation_iter7.TestAuthMatrix" name="test_pinpad_update_foreign_tecnico_403" time="1.550" /><testcase classname="backend.tests.test_geolocation_iter7.TestAuthMatrix" name="test_replace_photo_admin_token_403" time="0.208" /><testcase classname="backend.tests.test_geolocation_iter7.TestAuthMatrix" name="test_delete_photo_no_token_401" time="0.114" /><testcase classname="backend.tests.test_geolocation_iter7.TestAuthMatrix" name="test_delete_photo_foreign_tecnico_403" time="0.357" /><testcase classname="backend.tests.test_mvg_backend.TestAuth" name="test_login_admin_success" time="0.320" /><testcase classname="backend.tests.test_mvg_backend.TestAuth" name="test_login_invalid_credentials" time="0.316" /><testcase classname="backend.tests.test_mvg_backend.TestAuth" name="test_login_unknown_user" time="0.127" /><testcase classname="backend.tests.test_mvg_backend.TestAuth" name="test_auth_me_with_token" time="0.096" /><testcase classname="backend.tests.test_mvg_backend.TestAuth" name="test_auth_me_without_token" time="0.114" /><testcase classname="backend.tests.test_mvg_backend.TestTecnicos" name="test_create_and_list_tecnico" time="0.096" /><testcase classname="backend.tests.test_mvg_backend.TestTecnicos" name="test_duplicate_email_returns_400" time="0.095" /><testcase classname="backend.tests.test_mvg_backend.TestTecnicos" name="test_duplicate_rut_returns_400" time="0.093" /><testcase classname="backend.tests.test_mvg_backend.TestClientesSucursales" name="test_create_list_get_cliente_with_sucursales" time="0.718" /><testcase classname="backend.tests.test_mvg_backend.TestOrdenes" name="test_create_orden_and_list" time="2.576" /><testcase classname="backend.tests.test_mvg_backend.TestOrdenes" name="test_admin_stats" time="0.106" /><testcase classname="backend.tests.test_mvg_backend.TestTecnicoFlow" name="test_tecnico_only_sees_own_ordenes" time="1.194"><failure message="assert 404 == 422&#10; +  where 404 = &lt;Response [404]&gt;.status_code">E   assert 404 == 422
     +  where 404 = &lt;Response [404]&gt;.status_code</failure></testcase><testcase classname="backend.tests.test_mvg_backend.TestTecnicoFlow" name="test_tecnico_cannot_access_other_orden" time="2.250" /><testcase classname="backend.tests.test_mvg_backend.TestRoleEnforcement" name="test_tecnico_cannot_call_admin_endpoints" time="0.299" /><testcase classname="backend.tests.test_mvg_iter2.TestExcelImport" name="test_01_reset" time="0.103" /><testcase classname="backend.tests.test_mvg_iter2.TestExcelImport" name="test_02_upload_excel_as_admin" time="1.007" /><testcase classname="backend.tests.test_mvg_iter2.TestExcelImport" name="test_03_upload_excel_as_tecnico_returns_403" time="0.351" /><testcase classname="backend.tests.test_mvg_iter2.TestExcelImport" name="test_04_list_comercios" time="0.565" /><testcase classname="backend.tests.test_mvg_iter2.TestExcelImport" name="test_05_list_ordenes_has_pin_pads" time="0.656" /><testcase classname="backend.tests.test_mvg_iter2.TestAsignarYWhatsapp" name="test_06_asignar_returns_wa_fallback_link" time="69.690"><failure message="AssertionError: {'detail': 'Bot respondió 500: {&quot;error&quot;:&quot;Internal Server Error&quot;,&quot;details&quot;:&quot;Failed to send text message&quot;}', 'mode': 'error', 'ok': False, 'wa_link': 'https://wa.me/56912345678?text=%F0%9F%9B%A0%EF%B8%8F%20%2ANueva%20orden%20asignada%2A%0A%0AHola%20Juan%2C%0ASe%20te%20asign%C3%B3%20la%20orden%20%2AOS-2026-0542%2A.%0A%0A%F0%9F%8F%A2%20Cliente%3A%20CRUZ%20VERDE%20L9149%0A%F0%9F%8F%AA%20Comercio%3A%20CRUZ%20VERDE%20L9093%20-%2047445092%20%28CC%2047445092%29%0A%F0%9F%93%8D%20Direcci%C3%B3n%3A%20AV.%20VICENTE%20MENDEZ%201545%2C%201520%0A%E2%9A%A0%EF%B8%8F%20Prioridad%3A%20MEDIA%0A%F0%9F%93%85%20Fecha%20l%C3%ADmite%3A%202026-07-07%0A%0A%F0%9F%93%9F%20Pin%20Pads%20a%20actualizar%20%287%29%3A%0A%20%201.%20H3PHJ47445092330%20%28S/N%20331681756%29%0A%20%202.%20H3PHJ47445092331%20%28S/N%20326327306%29%0A%20%203.%20H3PHJ47445092332%20%28S/N%20332533970%29%0A%20%204.%20H3PHJ47445092333%20%28S/N%20326330689%29%0A%20%205.%20H3PHJ47445092334%20%28S/N%20326013517%29%0A%20%206.%20H3PHJ47445092335%20%28S/N%20326421991%29%0A%20%207.%20H3PHJ47445092336%20%28S/N%20332564866%29%0A%0AIngresa%20a%20la%20app%20%2AMVG%20Computaci%C3%B3n%2A%20para%20tomar%20la%20evidencia.'}&#10;assert 'error' == 'fallback_link'&#10;  &#10;  - fallback_link&#10;  + error">E   AssertionError: {'detail': 'Bot respondió 500: {"error":"Internal Server Error","details":"Failed to send text message"}', 'mode': 'error', 'ok': False, 'wa_link': 'https://wa.me/56912345678?text=%F0%9F%9B%A0%EF%B8%8F%20%2ANueva%20orden%20asignada%2A%0A%0AHola%20Juan%2C%0ASe%20te%20asign%C3%B3%20la%20orden%20%2AOS-2026-0542%2A.%0A%0A%F0%9F%8F%A2%20Cliente%3A%20CRUZ%20VERDE%20L9149%0A%F0%9F%8F%AA%20Comercio%3A%20CRUZ%20VERDE%20L9093%20-%2047445092%20%28CC%2047445092%29%0A%F0%9F%93%8D%20Direcci%C3%B3n%3A%20AV.%20VICENTE%20MENDEZ%201545%2C%201520%0A%E2%9A%A0%EF%B8%8F%20Prioridad%3A%20MEDIA%0A%F0%9F%93%85%20Fecha%20l%C3%ADmite%3A%202026-07-07%0A%0A%F0%9F%93%9F%20Pin%20Pads%20a%20actualizar%20%287%29%3A%0A%20%201.%20H3PHJ47445092330%20%28S/N%20331681756%29%0A%20%202.%20H3PHJ47445092331%20%28S/N%20326327306%29%0A%20%203.%20H3PHJ47445092332%20%28S/N%20332533970%29%0A%20%204.%20H3PHJ47445092333%20%28S/N%20326330689%29%0A%20%205.%20H3PHJ47445092334%20%28S/N%20326013517%29%0A%20%206.%20H3PHJ47445092335%20%28S/N%20326421991%29%0A%20%207.%20H3PHJ47445092336%20%28S/N%20332564866%29%0A%0AIngresa%20a%20la%20app%20%2AMVG%20Computaci%C3%B3n%2A%20para%20tomar%20la%20evidencia.'}
    assert 'error' == 'fallback_link'
      
      - fallback_link
      + error</failure></testcase><testcase classname="backend.tests.test_mvg_iter2.TestPinpadUpdate" name="test_07_tecnico_only_sees_assigned" time="0.105"><failure message="AttributeError: type object 'TestAsignarYWhatsapp' has no attribute 'assigned_orden_id'">E   AttributeError: type object 'TestAsignarYWhatsapp' has no attribute 'assigned_orden_id'</failure></testcase><testcase classname="backend.tests.test_mvg_iter2.TestPinpadUpdate" name="test_08_pinpad_update_without_evidencia_returns_400" time="0.000"><failure message="AttributeError: type object 'TestAsignarYWhatsapp' has no attribute 'assigned_orden_id'">E   AttributeError: type object 'TestAsignarYWhatsapp' has no attribute 'assigned_orden_id'</failure></testcase><testcase classname="backend.tests.test_mvg_iter2.TestPinpadUpdate" name="test_09_update_first_pinpad_sets_en_progreso" time="0.000"><failure message="AttributeError: type object 'TestAsignarYWhatsapp' has no attribute 'assigned_orden_id'">E   AttributeError: type object 'TestAsignarYWhatsapp' has no attribute 'assigned_orden_id'</failure></testcase><testcase classname="backend.tests.test_mvg_iter2.TestPinpadUpdate" name="test_10_complete_all_pinpads_sets_finalizada" time="0.000"><failure message="AttributeError: type object 'TestAsignarYWhatsapp' has no attribute 'assigned_orden_id'">E   AttributeError: type object 'TestAsignarYWhatsapp' has no attribute 'assigned_orden_id'</failure></testcase><testcase classname="backend.tests.test_mvg_iter2.TestPinpadUpdate" name="test_11_cross_access_other_tecnico_returns_403" time="0.808" /><testcase classname="backend.tests.test_mvg_iter2.TestPdfDownload" name="test_12_pdf_returns_binary_pdf" time="0.000"><failure message="AttributeError: type object 'TestAsignarYWhatsapp' has no attribute 'assigned_orden_id'">E   AttributeError: type object 'TestAsignarYWhatsapp' has no attribute 'assigned_orden_id'</failure></testcase><testcase classname="backend.tests.test_mvg_iter3.TestAsignarRegression" name="test_patch_asignar_returns_orden_and_whatsapp" time="2.004" /><testcase classname="backend.tests.test_mvg_iter3.TestReenviarWhatsapp" name="test_reenviar_with_assigned_tecnico_returns_200" time="2.018" /><testcase classname="backend.tests.test_mvg_iter3.TestReenviarWhatsapp" name="test_reenviar_without_tecnico_returns_400" time="0.937" /><testcase classname="backend.tests.test_mvg_iter3.TestReenviarWhatsapp" name="test_reenviar_nonexistent_orden_returns_404" time="0.115" /><testcase classname="backend.tests.test_mvg_iter3.TestReenviarWhatsapp" name="test_reenviar_without_auth_returns_401_or_403" time="1.620" /><testcase classname="backend.tests.test_mvg_iter3.TestReenviarWhatsapp" name="test_reenviar_as_tecnico_returns_403" time="1.650" /><testcase classname="backend.tests.test_suministros.TestProductos" name="test_admin_list_seed" time="0.104" /><testcase classname="backend.tests.test_suministros.TestProductos" name="test_admin_create_duplicate_and_delete" time="0.396" /><testcase classname="backend.tests.test_suministros.TestProductos" name="test_tecnico_can_see_catalog" time="1.684" /><testcase classname="backend.tests.test_suministros.TestBodegas" name="test_admin_list_seed_santiago" time="0.099" /><testcase classname="backend.tests.test_suministros.TestBodegas" name="test_create_bodega_valparaiso" time="0.217" /><testcase classname="backend.tests.test_suministros.TestBodegas" name="test_delete_bodega_with_tecnico_assigned_returns_400" time="0.093" /><testcase classname="backend.tests.test_suministros.TestConfig" name="test_get_config_defaults" time="0.095" /><testcase classname="backend.tests.test_suministros.TestConfig" name="test_patch_and_get_config" time="0.264" /><testcase classname="backend.tests.test_suministros.TestTecnicoBodegaField" name="test_tecnico_has_bodega_id" time="0.109" /><testcase classname="backend.tests.test_suministros.TestSolicitudes" name="test_create_returns_results_fields" time="0.917" /><testcase classname="backend.tests.test_suministros.TestSolicitudes" name="test_tecnico_lists_own_solicitud" time="0.117" /><testcase classname="backend.tests.test_suministros.TestSolicitudes" name="test_admin_lists_all_solicitudes" time="0.108" /><testcase classname="backend.tests.test_suministros.TestSolicitudes" name="test_admin_patch_estado_atendida" time="0.100" /><testcase classname="backend.tests.test_suministros.TestSolicitudes" name="test_admin_reenviar" time="0.796" /><testcase classname="backend.tests.test_suministros.TestSolicitudes" name="test_admin_cannot_create_solicitud_as_admin_role" time="0.094" /><testcase classname="backend.tests.test_suministros.TestInventario" name="test_admin_upsert_inventario" time="0.325" /><testcase classname="backend.tests.test_suministros.TestInventario" name="test_tecnico_views_own_inventory" time="0.093" /><testcase classname="backend.tests.test_suministros.TestConsumos" name="test_create_consumo_decrements_stock" time="0.323" /><testcase classname="backend.tests.test_suministros.TestAuth" name="test_admin_endpoints_no_token[/api/admin/productos]" time="0.100" /><testcase classname="backend.tests.test_suministros.TestAuth" name="test_admin_endpoints_no_token[/api/admin/bodegas]" time="0.094" /><testcase classname="backend.tests.test_suministros.TestAuth" name="test_admin_endpoints_no_token[/api/admin/suministros/config]" time="0.115" /><testcase classname="backend.tests.test_suministros.TestAuth" name="test_admin_endpoints_no_token[/api/admin/suministros/solicitudes]" time="0.098" /><testcase classname="backend.tests.test_suministros.TestAuth" name="test_admin_endpoints_no_token[/api/admin/inventario]" time="0.100" /><testcase classname="backend.tests.test_suministros.TestAuth" name="test_admin_endpoints_with_tecnico_token[/api/admin/productos]" time="0.100" /><testcase classname="backend.tests.test_suministros.TestAuth" name="test_admin_endpoints_with_tecnico_token[/api/admin/bodegas]" time="0.120" /><testcase classname="backend.tests.test_suministros.TestAuth" name="test_admin_endpoints_with_tecnico_token[/api/admin/suministros/config]" time="0.100" /><testcase classname="backend.tests.test_suministros.TestAuth" name="test_admin_endpoints_with_tecnico_token[/api/admin/suministros/solicitudes]" time="0.133" /><testcase classname="backend.tests.test_suministros.TestAuth" name="test_admin_endpoints_with_tecnico_token[/api/admin/inventario]" time="0.098" /><testcase classname="backend.tests.test_suministros_iter5.TestBodegasSeedExpansion" name="test_all_20_seed_bodegas_present" time="0.099" /><testcase classname="backend.tests.test_suministros_iter5.TestBodegasSeedExpansion" name="test_each_seed_bodega_has_correct_region" time="0.130" /><testcase classname="backend.tests.test_suministros_iter5.TestBodegasSeedExpansion" name="test_bodega_count_at_least_20" time="0.093" /><testcase classname="backend.tests.test_suministros_iter5.TestBodegasIdempotent" name="test_no_duplicate_bodega_names" time="0.091" /><testcase classname="backend.tests.test_suministros_iter5.TestDynamicEmailSubject" name="test_solicitud_created_with_201" time="2.662" /><testcase classname="backend.tests.test_suministros_iter5.TestDynamicEmailSubject" name="test_email_result_mode_sent" time="0.000" /><testcase classname="backend.tests.test_suministros_iter5.TestDynamicEmailSubject" name="test_email_result_has_resend_uuid_id" time="0.000" /><testcase classname="backend.tests.test_suministros_iter5.TestDynamicEmailSubject" name="test_whatsapp_results_empty_when_no_phones" time="0.000" /><testcase classname="backend.tests.test_suministros_iter5.TestDynamicEmailSubject" name="test_enriched_with_tecnico_and_bodega" time="0.000" /><testcase classname="backend.tests.test_suministros_iter5.TestEmailBuilder" name="test_html_and_text_include_region" time="0.032" /><testcase classname="backend.tests.test_suministros_iter5.TestEmailBuilder" name="test_items_default_empty" time="0.000" /><testcase classname="backend.tests.test_suministros_iter5.TestReenviar" name="test_reenviar_returns_email_result_with_subject_path" time="0.736" /><testcase classname="backend.tests.test_suministros_iter5.TestConsumoFlowRegression" name="test_consumo_decrements_stock_for_concepcion_tecnico" time="0.293" /><testcase classname="backend.tests.test_tecnicos_iter6.TestWelcomeEmail" name="test_create_tecnico_returns_welcome_email_field" time="1.147" /><testcase classname="backend.tests.test_tecnicos_iter6.TestWelcomeEmail" name="test_create_tecnico_with_bodega" time="1.426" /><testcase classname="backend.tests.test_tecnicos_iter6.TestSendPasswordWhatsApp" name="test_404_invalid_id" time="0.092" /><testcase classname="backend.tests.test_tecnicos_iter6.TestSendPasswordWhatsApp" name="test_422_short_password" time="42.345" /><testcase classname="backend.tests.test_tecnicos_iter6.TestSendPasswordWhatsApp" name="test_400_no_telefono" time="1.363" /><testcase classname="backend.tests.test_tecnicos_iter6.TestSendPasswordWhatsApp" name="test_success_updates_password_and_returns_whatsapp" time="1.518" /><testcase classname="backend.tests.test_tecnicos_iter6.TestAuthRequirements" name="test_create_tecnico_no_token_401" time="0.099" /><testcase classname="backend.tests.test_tecnicos_iter6.TestAuthRequirements" name="test_create_tecnico_tecnico_token_403" time="0.095" /><testcase classname="backend.tests.test_tecnicos_iter6.TestAuthRequirements" name="test_enviar_password_no_token_401" time="0.106" /><testcase classname="backend.tests.test_tecnicos_iter6.TestAuthRequirements" name="test_enviar_password_tecnico_token_403" time="0.332" /><testcase classname="backend.tests.test_tecnicos_whatsapp_iter8.TestWhatsAppOnCreateTecnico" name="test_response_includes_whatsapp_welcome_field" time="1.291" /><testcase classname="backend.tests.test_tecnicos_whatsapp_iter8.TestWhatsAppOnCreateTecnico" name="test_creation_succeeds_even_when_whatsapp_fails" time="1.502" /><testcase classname="backend.tests.test_tecnicos_whatsapp_iter8.TestWhatsAppOnCreateTecnico" name="test_no_phone_whatsapp_welcome_is_null_and_creation_ok" time="0.640" /><testcase classname="backend.tests.test_tecnicos_whatsapp_iter8.TestManualWhatsAppEndpointStillWorks" name="test_manual_endpoint_succeeds_after_create" time="2.318" /><testcase classname="backend.tests.test_tecnicos_whatsapp_iter8.TestAuthOnCreate" name="test_create_requires_admin_token" time="0.090" /><testcase classname="backend.tests.test_tecnicos_whatsapp_iter8.TestAuthOnCreate" name="test_create_rejects_tecnico_token" time="0.095" /></testsuite></testsuites>