<?xml version="1.0" encoding="utf-8"?><testsuites name="pytest tests"><testsuite name="pytest" errors="0" failures="10" skipped="0" tests="30" time="16.682" timestamp="2026-06-29T12:35:40.423218+00:00" hostname="agent-env-6a2679bf-6fad-423f-ae27-be6a96294905"><testcase classname="backend.tests.test_features_iter8.TestTecnicoCreateGeoFields" name="test_create_tecnico_with_direccion_and_comuna" time="1.882" /><testcase classname="backend.tests.test_features_iter8.TestPinPadExtra" name="test_pinpad_extra_happy_path_alnum" time="1.481" /><testcase classname="backend.tests.test_features_iter8.TestPinPadExtra" name="test_pinpad_extra_rejects_wrong_length" time="0.104" /><testcase classname="backend.tests.test_features_iter8.TestPinPadExtra" name="test_pinpad_extra_rejects_duplicate" time="0.118" /><testcase classname="backend.tests.test_features_iter8.TestPinPadExtra" name="test_pinpad_extra_rejects_no_mat_no_flag" time="0.121" /><testcase classname="backend.tests.test_features_iter8.TestPinPadExtra" name="test_pinpad_extra_descuenta_stock_atomicamente" time="0.131" /><testcase classname="backend.tests.test_features_iter8.TestPinPadExtra" name="test_pinpad_extra_numeric_pattern_rejects_alpha" time="0.106" /><testcase classname="backend.tests.test_features_iter8.TestReagendar" name="test_reagendar_changes_estado_and_keeps_history" time="0.213" /><testcase classname="backend.tests.test_features_iter8.TestReagendar" name="test_reagendar_rejects_orden_finalizada" time="0.105" /><testcase classname="backend.tests.test_features_iter8.TestRutaTecnico" name="test_ruta_shape_and_nearest_neighbor" time="1.645" /><testcase classname="backend.tests.test_features_iter8.TestAsignacionMasiva" name="test_asignacion_masiva_distribuye_por_cercania" time="3.562" /><testcase classname="backend.tests.test_features_iter8.TestAsignacionMasiva" name="test_asignacion_masiva_respeta_max_por_tecnico" time="2.605" /><testcase classname="backend.tests.test_features_iter8.TestAdminStatsNewFields" name="test_stats_includes_new_fields" time="0.115" /><testcase classname="backend.tests.test_geolocation_iter7.TestPinPadGeolocation" name="test_first_pinpad_without_location_returns_200" time="0.118"><failure message="AssertionError: {&quot;detail&quot;:&quot;Selecciona los materiales utilizados o marca 'No se utilizaron suministros'.&quot;}&#10;assert 400 == 200&#10; +  where 400 = &lt;Response [400]&gt;.status_code">E   AssertionError: {"detail":"Selecciona los materiales utilizados o marca 'No se utilizaron suministros'."}
    assert 400 == 200
     +  where 400 = &lt;Response [400]&gt;.status_code</failure></testcase><testcase classname="backend.tests.test_geolocation_iter7.TestPinPadGeolocation" name="test_last_pinpad_without_location_returns_400" time="0.128"><failure message="assert 400 == 200&#10; +  where 400 = &lt;Response [400]&gt;.status_code">E   assert 400 == 200
     +  where 400 = &lt;Response [400]&gt;.status_code</failure></testcase><testcase classname="backend.tests.test_geolocation_iter7.TestPinPadGeolocation" name="test_last_pinpad_with_location_finalizes_orden" time="0.108"><failure message="assert 400 == 200&#10; +  where 400 = &lt;Response [400]&gt;.status_code">E   assert 400 == 200
     +  where 400 = &lt;Response [400]&gt;.status_code</failure></testcase><testcase classname="backend.tests.test_geolocation_iter7.TestReplacePhoto" name="test_replace_photo_within_window_returns_200" time="0.208"><failure message="AssertionError: {&quot;detail&quot;:&quot;Esta pin pad aún no tiene foto cargada&quot;}&#10;assert 400 == 200&#10; +  where 400 = &lt;Response [400]&gt;.status_code">E   AssertionError: {"detail":"Esta pin pad aún no tiene foto cargada"}
    assert 400 == 200
     +  where 400 = &lt;Response [400]&gt;.status_code</failure></testcase><testcase classname="backend.tests.test_geolocation_iter7.TestReplacePhoto" name="test_replace_photo_after_window_expired_returns_403" time="0.255"><failure message="AssertionError: {&quot;detail&quot;:&quot;Esta pin pad aún no tiene foto cargada&quot;}&#10;assert 400 == 403&#10; +  where 400 = &lt;Response [400]&gt;.status_code">E   AssertionError: {"detail":"Esta pin pad aún no tiene foto cargada"}
    assert 400 == 403
     +  where 400 = &lt;Response [400]&gt;.status_code</failure></testcase><testcase classname="backend.tests.test_geolocation_iter7.TestDeletePhoto" name="test_delete_when_pinpad_not_completed_returns_400" time="0.106" /><testcase classname="backend.tests.test_geolocation_iter7.TestDeletePhoto" name="test_delete_when_orden_finalized_returns_400" time="0.355"><failure message="AssertionError: assert 'finaliz' in 'esta pin pad aún no tiene foto cargada'&#10; +  where 'esta pin pad aún no tiene foto cargada' = &lt;built-in method lower of str object at 0xfb84623a4340&gt;()&#10; +    where &lt;built-in method lower of str object at 0xfb84623a4340&gt; = 'Esta pin pad aún no tiene foto cargada'.lower">E   AssertionError: assert 'finaliz' in 'esta pin pad aún no tiene foto cargada'
     +  where 'esta pin pad aún no tiene foto cargada' = &lt;built-in method lower of str object at 0xfb84623a4340&gt;()
     +    where &lt;built-in method lower of str object at 0xfb84623a4340&gt; = 'Esta pin pad aún no tiene foto cargada'.lower</failure></testcase><testcase classname="backend.tests.test_geolocation_iter7.TestDeletePhoto" name="test_delete_happy_path_resets_pinpad" time="0.219"><failure message="AssertionError: {&quot;detail&quot;:&quot;Esta pin pad aún no tiene foto cargada&quot;}&#10;assert 400 == 200&#10; +  where 400 = &lt;Response [400]&gt;.status_code">E   AssertionError: {"detail":"Esta pin pad aún no tiene foto cargada"}
    assert 400 == 200
     +  where 400 = &lt;Response [400]&gt;.status_code</failure></testcase><testcase classname="backend.tests.test_geolocation_iter7.TestDeletePhoto" name="test_delete_after_window_expired_returns_403" time="0.236"><failure message="AssertionError: {&quot;detail&quot;:&quot;Esta pin pad aún no tiene foto cargada&quot;}&#10;assert 400 == 403&#10; +  where 400 = &lt;Response [400]&gt;.status_code">E   AssertionError: {"detail":"Esta pin pad aún no tiene foto cargada"}
    assert 400 == 403
     +  where 400 = &lt;Response [400]&gt;.status_code</failure></testcase><testcase classname="backend.tests.test_geolocation_iter7.TestFinalizarLocation" name="test_finalizar_without_lat_lng_returns_422" time="0.103"><failure message="AssertionError: {&quot;detail&quot;:&quot;Not Found&quot;}&#10;assert 404 == 422&#10; +  where 404 = &lt;Response [404]&gt;.status_code">E   AssertionError: {"detail":"Not Found"}
    assert 404 == 422
     +  where 404 = &lt;Response [404]&gt;.status_code</failure></testcase><testcase classname="backend.tests.test_geolocation_iter7.TestFinalizarLocation" name="test_finalizar_with_lat_lng_persists_closed_fields" time="0.116"><failure message="AssertionError: {&quot;detail&quot;:&quot;Not Found&quot;}&#10;assert 404 == 200&#10; +  where 404 = &lt;Response [404]&gt;.status_code">E   AssertionError: {"detail":"Not Found"}
    assert 404 == 200
     +  where 404 = &lt;Response [404]&gt;.status_code</failure></testcase><testcase classname="backend.tests.test_geolocation_iter7.TestAuthMatrix" name="test_pinpad_update_requires_token" time="0.108" /><testcase classname="backend.tests.test_geolocation_iter7.TestAuthMatrix" name="test_pinpad_update_admin_token_403" time="0.108" /><testcase classname="backend.tests.test_geolocation_iter7.TestAuthMatrix" name="test_pinpad_update_foreign_tecnico_403" time="1.510" /><testcase classname="backend.tests.test_geolocation_iter7.TestAuthMatrix" name="test_replace_photo_admin_token_403" time="0.245" /><testcase classname="backend.tests.test_geolocation_iter7.TestAuthMatrix" name="test_delete_photo_no_token_401" time="0.119" /><testcase classname="backend.tests.test_geolocation_iter7.TestAuthMatrix" name="test_delete_photo_foreign_tecnico_403" time="0.332" /></testsuite></testsuites>