<?xml version="1.0" encoding="utf-8"?><testsuites name="pytest tests"><testsuite name="pytest" errors="0" failures="0" skipped="0" tests="14" time="6.316" timestamp="2026-06-13T16:16:32.738914+00:00" hostname="agent-env-6a2679bf-6fad-423f-ae27-be6a96294905"><testcase classname="backend.tests.test_mvg_backend.TestAuth" name="test_login_admin_success" time="0.476" /><testcase classname="backend.tests.test_mvg_backend.TestAuth" name="test_login_invalid_credentials" time="0.398" /><testcase classname="backend.tests.test_mvg_backend.TestAuth" name="test_login_unknown_user" time="0.106" /><testcase classname="backend.tests.test_mvg_backend.TestAuth" name="test_auth_me_with_token" time="0.435" /><testcase classname="backend.tests.test_mvg_backend.TestAuth" name="test_auth_me_without_token" time="0.094" /><testcase classname="backend.tests.test_mvg_backend.TestTecnicos" name="test_create_and_list_tecnico" time="0.431" /><testcase classname="backend.tests.test_mvg_backend.TestTecnicos" name="test_duplicate_email_returns_400" time="0.087" /><testcase classname="backend.tests.test_mvg_backend.TestTecnicos" name="test_duplicate_rut_returns_400" time="0.101" /><testcase classname="backend.tests.test_mvg_backend.TestClientesSucursales" name="test_create_list_get_cliente_with_sucursales" time="0.779" /><testcase classname="backend.tests.test_mvg_backend.TestOrdenes" name="test_create_orden_and_list" time="0.654" /><testcase classname="backend.tests.test_mvg_backend.TestOrdenes" name="test_admin_stats" time="0.091" /><testcase classname="backend.tests.test_mvg_backend.TestTecnicoFlow" name="test_tecnico_only_sees_own_ordenes" time="1.301" /><testcase classname="backend.tests.test_mvg_backend.TestTecnicoFlow" name="test_tecnico_cannot_access_other_orden" time="1.022" /><testcase classname="backend.tests.test_mvg_backend.TestRoleEnforcement" name="test_tecnico_cannot_call_admin_endpoints" time="0.300" /></testsuite></testsuites>